<?xml version="1.0" encoding="UTF-8"?>
<testsuite name="LearningProgressTrackerTest" tests="1" skipped="0" failures="0" errors="0" timestamp="2022-01-21T19:40:57" hostname="RAFIKI" time="0.587">
  <properties/>
  <testcase name="start" classname="LearningProgressTrackerTest" time="0.587"/>
  <system-out><![CDATA[?[1;31m
Start test 1?[0m
Learning Progress Tracker
> back
Enter 'exit' to exit the program.
> exit
Bye!
?[1;31m
Start test 2?[0m
Learning Progress Tracker
> 
No input.
?[1;31m
Start test 3?[0m
Learning Progress Tracker
>   
No input.
?[1;31m
Start test 4?[0m
Learning Progress Tracker
> 	
No input.
?[1;31m
Start test 5?[0m
Learning Progress Tracker
>  	
No input.
?[1;31m
Start test 6?[0m
Learning Progress Tracker
> abc
Error: unknown command!
?[1;31m
Start test 7?[0m
Learning Progress Tracker
> quit
Error: unknown command!
?[1;31m
Start test 8?[0m
Learning Progress Tracker
>   brexit 
Error: unknown command!
?[1;31m
Start test 9?[0m
Learning Progress Tracker
> exi  t
Error: unknown command!
?[1;31m
Start test 10?[0m
Learning Progress Tracker
> ?
Error: unknown command!
?[1;31m
Start test 11?[0m
Learning Progress Tracker
> break
Error: unknown command!
?[1;31m
Start test 12?[0m
Learning Progress Tracker
> -exit
Error: unknown command!
?[1;31m
Start test 13?[0m
Learning Progress Tracker
> Ctrl+C
Error: unknown command!
?[1;31m
Start test 14?[0m
Learning Progress Tracker
> exit please
Error: unknown command!
?[1;31m
Start test 15?[0m
Learning Progress Tracker
> :q
Error: unknown command!
?[1;31m
Start test 16?[0m
Learning Progress Tracker
> java
Error: unknown command!
?[1;31m
Start test 17?[0m
Learning Progress Tracker
> spring
Error: unknown command!
?[1;31m
Start test 18?[0m
Learning Progress Tracker
> dsa
Error: unknown command!
?[1;31m
Start test 19?[0m
Learning Progress Tracker
> databases
Error: unknown command!
?[1;31m
Start test 20?[0m
Learning Progress Tracker
> add students
Enter student credentials or 'back' to return:
> exit
Incorrect credentials.
> back
Total 0 students have been added.
> back
Enter 'exit' to exit the program.
> exit
Bye!
?[1;31m
Start test 21?[0m
Learning Progress Tracker
> add students
Enter student credentials or 'back' to return:
> John Smith jsmith@hotmail.com
The student has been added.
> Anny Doolittle anny.md@mail.edu
The student has been added.
> Jean-Claude O'Connor jcda123@google.net
The student has been added.
> Mary Emelianenko 125367at@zzz90.z9
The student has been added.
> Al Owen u15da125@a1s2f4f7.a1c2c5s4
The student has been added.
> Robert Jemison Van de Graaff robertvdgraaff@mit.edu
The student has been added.
> Ed Eden a1@a1.a1
The student has been added.
> na'me s-u ii@ii.ii
The student has been added.
> n'a me su aa-b'b ab@ab.ab
The student has been added.
> nA me 1@1.1
The student has been added.
> back
Total 10 students have been added.
?[1;31m
Start test 22?[0m
Learning Progress Tracker
> add students
Enter student credentials or 'back' to return:
> 
Incorrect credentials.
>  	
Incorrect credentials.
> name surname
Incorrect credentials.
> n surname email@email.xyz
Incorrect first name.
> 'name surname email@email.xyz
Incorrect first name.
> -name surname email@email.xyz
Incorrect first name.
> name- surname email@email.xyz
Incorrect first name.
> name' surname email@email.xyz
Incorrect first name.
> nam-'e surname email@email.xyz
Incorrect first name.
> na'-me surname email@email.xyz
Incorrect first name.
> na--me surname email@email.xyz
Incorrect first name.
> na''me surname email@email.xyz
Incorrect first name.
> námé surname email@email.xyz
Incorrect first name.
> name s email@email.xyz
Incorrect last name.
> name -surname email@email.xyz
Incorrect last name.
> name 'surname email@email.xyz
Incorrect last name.
> name surnam''e email@email.xyz
Incorrect last name.
> name surn--ame email@email.xyz
Incorrect last name.
> name s'-urname email@email.xyz
Incorrect last name.
> name su-'rname email@email.xyz
Incorrect last name.
> name surname- email@email.xyz
Incorrect last name.
> name surname' email@email.xyz
Incorrect last name.
> name surnámé email@email.xyz
Incorrect last name.
> name surname emailemail.xyz
Incorrect email.
> name surname email@emailxyz
Incorrect email.
> name surname email@e@mail.xyz
Incorrect email.
> back
Total 0 students have been added.
?[1;31m
Start test 23?[0m
Learning Progress Tracker
> add students
Enter student credentials or 'back' to return:
> back
Total 0 students have been added.
> list
No students found.
?[1;31m
Start test 24?[0m
Learning Progress Tracker
> add students
Enter student credentials or 'back' to return:
> Francesca Francis address1@mail.com
The student has been added.
> Francesca Francis address1@mail.com
This email is already taken.
> Dalia Gleeson address2@mail.com
The student has been added.
> Dalia Gleeson address2@mail.com
This email is already taken.
> Barbara-Anne Chicky address3@mail.com
The student has been added.
> Barbara-Anne Chicky address3@mail.com
This email is already taken.
> Nonna Miko address4@mail.com
The student has been added.
> Nonna Miko address4@mail.com
This email is already taken.
> Amye Uriisa address5@mail.com
The student has been added.
> Amye Uriisa address5@mail.com
This email is already taken.
> Charlena Girardo address6@mail.com
The student has been added.
> Charlena Girardo address6@mail.com
This email is already taken.
> Leola Whelan address7@mail.com
The student has been added.
> Leola Whelan address7@mail.com
This email is already taken.
> Shoshana Utica address8@mail.com
The student has been added.
> Shoshana Utica address8@mail.com
This email is already taken.
> Gwenette Anagnos address9@mail.com
The student has been added.
> Gwenette Anagnos address9@mail.com
This email is already taken.
> Tasha Chem address10@mail.com
The student has been added.
> Tasha Chem address10@mail.com
This email is already taken.
> Karee Antoinetta address11@mail.com
The student has been added.
> Karee Antoinetta address11@mail.com
This email is already taken.
> Roxi Hett address12@mail.com
The student has been added.
> Roxi Hett address12@mail.com
This email is already taken.
> back
Total 12 students have been added.
?[1;31m
Start test 25?[0m
Learning Progress Tracker
> add students
Enter student credentials or 'back' to return:
> Dalia Gleeson address1@mail.com
The student has been added.
> Elysha Quinlan address2@mail.com
The student has been added.
> Carmella Campman address3@mail.com
The student has been added.
> Gwenette Anagnos address4@mail.com
The student has been added.
> Hedwig Wally address5@mail.com
The student has been added.
> Leola Whelan address6@mail.com
The student has been added.
> Toby Bleier address7@mail.com
The student has been added.
> Emelia Annnora address8@mail.com
The student has been added.
> Marisa Firman address9@mail.com
The student has been added.
> Annecorinne Ause address10@mail.com
The student has been added.
> Francesca Francis address11@mail.com
The student has been added.
> Olga Rosanne address12@mail.com
The student has been added.
> back
Total 12 students have been added.
> list
Students:
10000
10001
10002
10003
10004
10005
10006
10007
10008
10009
10010
10011
?[1;31m
Start test 26?[0m
Learning Progress Tracker
> add points
Enter an id and points or 'back' to return
> back
> back
Enter 'exit' to exit the program.
> exit
Bye!
?[1;31m
Start test 27?[0m
Learning Progress Tracker
> add students
Enter student credentials or 'back' to return:
> Hedwig Wally address1@mail.com
The student has been added.
> Roxi Hett address2@mail.com
The student has been added.
> Annecorinne Ause address3@mail.com
The student has been added.
> Carmella Campman address4@mail.com
The student has been added.
> Dolley Panther address5@mail.com
The student has been added.
> Starlin Griz address6@mail.com
The student has been added.
> back
Total 6 students have been added.
> list
Students:
10000
10001
10002
10003
10004
10005
> add points
Enter an id and points or 'back' to return
> 10000 
Incorrect points format.
> 10000 -1 1 1 1
Incorrect points format.
> 10000 1 1 2 A
Incorrect points format.
> 10000 1 1 1
Incorrect points format.
> 10000 1 1 1 1 1
Incorrect points format.
> imsurethereisnosuchstudentid 1 1 1 1
No student is found for id=imsurethereisnosuchstudentid
?[1;31m
Start test 28?[0m
Learning Progress Tracker
> add students
Enter student credentials or 'back' to return:
> Annecorinne Ause address1@mail.com
The student has been added.
> Gwenette Kironde address2@mail.com
The student has been added.
> Marisa Firman address3@mail.com
The student has been added.
> Aurie Dorisa address4@mail.com
The student has been added.
> Beatrisa Jegar address5@mail.com
The student has been added.
> Jermaine Naaman address6@mail.com
The student has been added.
> back
Total 6 students have been added.
> list
Students:
10000
10001
10002
10003
10004
10005
> add points
Enter an id and points or 'back' to return
> 10000 7 6 4 5
Points updated.
> 10001 1 10 2 6
Points updated.
> 10002 5 6 1 9
Points updated.
> 10003 3 7 6 7
Points updated.
> 10004 1 8 5 1
Points updated.
> 10005 3 8 1 10
Points updated.
?[1;31m
Start test 29?[0m
Learning Progress Tracker
> find
Enter an id or 'back' to return
> back
> back
Enter 'exit' to exit the program.
> exit
Bye!
?[1;31m
Start test 30?[0m
Learning Progress Tracker
> add students
Enter student credentials or 'back' to return:
> Van Fawnia address1@mail.com
The student has been added.
> Shoshana Utica address2@mail.com
The student has been added.
> Karee Antoinetta address3@mail.com
The student has been added.
> Tasha Chem address4@mail.com
The student has been added.
> Leola Whelan address5@mail.com
The student has been added.
> back
Total 5 students have been added.
> list
Students:
10000
10001
10002
10003
10004
> add points
Enter an id and points or 'back' to return
> 10000 0 0 0 0
Points updated.
> 10000 0 0 0 0
Points updated.
> 10001 1 1 1 1
Points updated.
> 10001 1 1 1 1
Points updated.
> 10002 2 2 2 2
Points updated.
> 10002 2 2 2 2
Points updated.
> 10003 3 3 3 3
Points updated.
> 10003 3 3 3 3
Points updated.
> 10004 4 4 4 4
Points updated.
> 10004 4 4 4 4
Points updated.
> back
> find
Enter an id or 'back' to return
> 10000
10000 points: Java=0; DSA=0; Databases=0; Spring=0
> 10001
10001 points: Java=2; DSA=2; Databases=2; Spring=2
> 10002
10002 points: Java=4; DSA=4; Databases=4; Spring=4
> 10003
10003 points: Java=6; DSA=6; Databases=6; Spring=6
> 10004
10004 points: Java=8; DSA=8; Databases=8; Spring=8
?[1;31m
Start test 31?[0m
Learning Progress Tracker
> statistics
Type the name of a course to see details or 'back' to quit:
Most popular: n/a
Least popular: n/a
Highest activity: n/a
Lowest activity: n/a
Easiest course: n/a
Hardest course: n/a
> back
> back
Enter 'exit' to exit the program.
> exit
Bye!
?[1;31m
Start test 32?[0m
Learning Progress Tracker
> statistics
Type the name of a course to see details or 'back' to quit:
Most popular: n/a
Least popular: n/a
Highest activity: n/a
Lowest activity: n/a
Easiest course: n/a
Hardest course: n/a
?[1;31m
Start test 33?[0m
Learning Progress Tracker
> statistics
Type the name of a course to see details or 'back' to quit:
Most popular: n/a
Least popular: n/a
Highest activity: n/a
Lowest activity: n/a
Easiest course: n/a
Hardest course: n/a
> Java
Java
id points completed
> DSA
DSA
id points completed
> Databases
Databases
id points completed
> Spring
Spring
id points completed
> abc
Unknown course.
> quit
Unknown course.
>   brexit 
Unknown course.
> exi  t
Unknown course.
> ?
Unknown course.
> break
Unknown course.
> -exit
Unknown course.
> Ctrl+C
Unknown course.
> exit please
Unknown course.
> :q
Unknown course.
?[1;31m
Start test 34?[0m
Learning Progress Tracker
> statistics
Type the name of a course to see details or 'back' to quit:
Most popular: n/a
Least popular: n/a
Highest activity: n/a
Lowest activity: n/a
Easiest course: n/a
Hardest course: n/a
> back
> back
Enter 'exit' to exit the program.
> exit
Bye!
?[1;31m
Start test 35?[0m
Learning Progress Tracker
> add students
Enter student credentials or 'back' to return:
> Alexina Belcher address1@mail.com
The student has been added.
> Starlin Griz address2@mail.com
The student has been added.
> Carmella Campman address3@mail.com
The student has been added.
> Shoshana Utica address4@mail.com
The student has been added.
> back
Total 4 students have been added.
> list
Students:
10000
10001
10002
10003
> add points
Enter an id and points or 'back' to return
> 10000 5 4 3 1
Points updated.
> 10001 5 4 3 1
Points updated.
> 10002 5 4 3 1
Points updated.
> 10003 5 4 3 1
Points updated.
> back
> statistics
Type the name of a course to see details or 'back' to quit:
Most popular: Java, Databases, DSA, Spring
Least popular: n/a
Highest activity: Java, DSA, Databases, Spring
Lowest activity: n/a
Easiest course: Java
Hardest course: Spring
?[1;31m
Start test 36?[0m
Learning Progress Tracker
> add students
Enter student credentials or 'back' to return:
> Shoshana Utica address1@mail.com
The student has been added.
> Ricki Trovillion address2@mail.com
The student has been added.
> Olga Rosanne address3@mail.com
The student has been added.
> Roxi Hett address4@mail.com
The student has been added.
> back
Total 4 students have been added.
> list
Students:
10000
10001
10002
10003
> add points
Enter an id and points or 'back' to return
> 10000 10 10 10 10
Points updated.
> 10001 5 5 5 5
Points updated.
> 10002 5 5 5 5
Points updated.
> 10003 2 2 2 2
Points updated.
> back
> statistics
Type the name of a course to see details or 'back' to quit:
Most popular: Java, Databases, DSA, Spring
Least popular: n/a
Highest activity: Java, DSA, Databases, Spring
Lowest activity: n/a
Easiest course: Java, Databases, DSA, Spring
Hardest course: n/a
> Java
Java
id points completed
10000 10 1.7%
10001 5 0.8%
10002 5 0.8%
10003 2 0.3%
> DSA
DSA
id points completed
10000 10 2.5%
10001 5 1.3%
10002 5 1.3%
10003 2 0.5%
> Databases
Databases
id points completed
10000 10 2.1%
10001 5 1.0%
10002 5 1.0%
10003 2 0.4%
> Spring
Spring
id points completed
10000 10 1.8%
10001 5 0.9%
10002 5 0.9%
10003 2 0.4%
?[1;31m
Start test 37?[0m
Learning Progress Tracker
> add students
Enter student credentials or 'back' to return:
> John Doe johnd@email.net
The student has been added.
> Jane Spark jspark@yahoo.com
The student has been added.
> back
Total 2 students have been added.
> list
Students:
10000
10001
> add points
Enter an id and points or 'back' to return
> 10000 8 7 7 5
Points updated.
> 10000 7 6 9 7
Points updated.
> 10000 6 5 5 0
Points updated.
> 10001 8 0 8 6
Points updated.
> 10001 7 0 0 0
Points updated.
> 10001 9 0 0 5
Points updated.
> back
> statistics
Type the name of a course to see details or 'back' to quit:
Most popular: Java, Databases, Spring
Least popular: DSA
Highest activity: Java
Lowest activity: DSA
Easiest course: Java
Hardest course: Spring
> Java
Java
id points completed
10001 24 4.0%
10000 21 3.5%
> DSA
DSA
id points completed
10000 18 4.5%
> Databases
Databases
id points completed
10000 21 4.4%
10001 8 1.7%
> Spring
Spring
id points completed
10000 12 2.2%
10001 11 2.0%
?[1;31m
Start test 38?[0m
Learning Progress Tracker
> notify
Total 0 students have been notified.
?[1;31m
Start test 39?[0m
Learning Progress Tracker
> add students
Enter student credentials or 'back' to return:
> John Doe johnd@email.net
The student has been added.
> Jane Spark jspark@yahoo.com
The student has been added.
> back
Total 2 students have been added.
> list
Students:
10000
10001
> add points
Enter an id and points or 'back' to return
> 10000 600 400 0 0
Points updated.
> back
> notify
To: johnd@email.net
Re: Your Learning Progress
Hello, John Doe! You have accomplished our Java course!
To: johnd@email.net
Re: Your Learning Progress
Hello, John Doe! You have accomplished our DSA course!
Total 1 students have been notified.
> notify
Total 0 students have been notified.
]]></system-out>
  <system-err><![CDATA[]]></system-err>
</testsuite>
